[01m[K/home/davide/Desktop/Pick_And_Delivery/Pick_And_Delivery/workspace/src/move_robot/src/move.cpp:[m[K In function â€˜[01m[Kint main(int, char**)[m[Kâ€™:
[01m[K/home/davide/Desktop/Pick_And_Delivery/Pick_And_Delivery/workspace/src/move_robot/src/move.cpp:111:74:[m[K [01;31m[Kerror: [m[Kconversion from â€˜[01m[Kros::Publisher[m[Kâ€™ to non-scalar type â€˜[01m[Kros::Subscriber[m[Kâ€™ requested
     ros::Subscriber chatter_pub = [01;31m[Kn.advertise<geometry_msgs::PoseStamped>("/move_base_simple/goal",1000)[m[K;
                                   [01;31m[K~~~~~~~~~~~~~~~~~~~~~~~~~~~~~~~~~~~~~~~^~~~~~~~~~~~~~~~~~~~~~~~~~~~~~~[m[K
[01m[K/home/davide/Desktop/Pick_And_Delivery/Pick_And_Delivery/workspace/src/move_robot/src/move.cpp:113:43:[m[K [01;31m[Kerror: [m[Kâ€˜[01m[KTfBuffer[m[Kâ€™ was not declared in this scope
     tf2_ros::TransformListener tfListener([01;31m[KTfBuffer[m[K);
                                           [01;31m[K^~~~~~~~[m[K
[01m[K/home/davide/Desktop/Pick_And_Delivery/Pick_And_Delivery/workspace/src/move_robot/src/move.cpp:113:43:[m[K [01;36m[Knote: [m[Ksuggested alternative: â€˜[01m[KtfBuffer[m[Kâ€™
     tf2_ros::TransformListener tfListener([01;36m[KTfBuffer[m[K);
                                           [01;36m[K^~~~~~~~[m[K
                                           [32m[KtfBuffer[m[K
[01m[K/home/davide/Desktop/Pick_And_Delivery/Pick_And_Delivery/workspace/src/move_robot/src/move.cpp:127:13:[m[K [01;31m[Kerror: [m[Kâ€˜[01m[Kpub[m[Kâ€™ was not declared in this scope
             [01;31m[Kpub[m[K.publish(new_goal_msg); //PUÃ’ ESSERE FATTA DIRETTAMENTE NELLA CALLBACK?
             [01;31m[K^~~[m[K
[01m[K/home/davide/Desktop/Pick_And_Delivery/Pick_And_Delivery/workspace/src/move_robot/src/move.cpp:127:13:[m[K [01;36m[Knote: [m[Ksuggested alternative: â€˜[01m[Ksub[m[Kâ€™
             [01;36m[Kpub[m[K.publish(new_goal_msg); //PUÃ’ ESSERE FATTA DIRETTAMENTE NELLA CALLBACK?
             [01;36m[K^~~[m[K
             [32m[Ksub[m[K
make[2]: *** [CMakeFiles/MoveRobot.dir/src/move.cpp.o] Error 1
make[1]: *** [CMakeFiles/MoveRobot.dir/all] Error 2
make: *** [all] Error 2
