[01m[K/home/davide/Desktop/Pick_And_Delivery/Pick_And_Delivery/workspace/src/move_robot/src/move.cpp:[m[K In function â€˜[01m[Kvoid check1_callBack(const ros::TimerEvent&)[m[Kâ€™:
[01m[K/home/davide/Desktop/Pick_And_Delivery/Pick_And_Delivery/workspace/src/move_robot/src/move.cpp:134:38:[m[K [01;31m[Kerror: [m[Kâ€˜[01m[KO_WRONLY[m[Kâ€™ was not declared in this scope
                 int fd = open(MYFIFO,[01;31m[KO_WRONLY[m[K);
                                      [01;31m[K^~~~~~~~[m[K
[01m[K/home/davide/Desktop/Pick_And_Delivery/Pick_And_Delivery/workspace/src/move_robot/src/move.cpp:134:38:[m[K [01;36m[Knote: [m[Ksuggested alternative: â€˜[01m[KSTA_RONLY[m[Kâ€™
                 int fd = open(MYFIFO,[01;36m[KO_WRONLY[m[K);
                                      [01;36m[K^~~~~~~~[m[K
                                      [32m[KSTA_RONLY[m[K
[01m[K/home/davide/Desktop/Pick_And_Delivery/Pick_And_Delivery/workspace/src/move_robot/src/move.cpp:134:26:[m[K [01;31m[Kerror: [m[Kâ€˜[01m[Kopen[m[Kâ€™ was not declared in this scope
                 int fd = [01;31m[Kopen[m[K(MYFIFO,O_WRONLY);
                          [01;31m[K^~~~[m[K
[01m[K/home/davide/Desktop/Pick_And_Delivery/Pick_And_Delivery/workspace/src/move_robot/src/move.cpp:134:26:[m[K [01;36m[Knote: [m[Ksuggested alternative: â€˜[01m[Kpopen[m[Kâ€™
                 int fd = [01;36m[Kopen[m[K(MYFIFO,O_WRONLY);
                          [01;36m[K^~~~[m[K
                          [32m[Kpopen[m[K
In file included from [01m[K/usr/include/c++/7/cstdlib:75:0[m[K,
                 from [01m[K/usr/include/c++/7/stdlib.h:36[m[K,
                 from [01m[K/opt/ros/melodic/include/ros/platform.h:37[m[K,
                 from [01m[K/opt/ros/melodic/include/ros/time.h:53[m[K,
                 from [01m[K/opt/ros/melodic/include/ros/ros.h:38[m[K,
                 from [01m[K/home/davide/Desktop/Pick_And_Delivery/Pick_And_Delivery/workspace/src/move_robot/src/move.cpp:1[m[K:
[01m[K/home/davide/Desktop/Pick_And_Delivery/Pick_And_Delivery/workspace/src/move_robot/src/move.cpp:137:28:[m[K [01;31m[Kerror: [m[Kreturn-statement with a value, in function returning 'void' [[01;31m[K-fpermissive[m[K]
                     return [01;31m[KE[m[KXIT_FAILURE;
                            [01;31m[K^[m[K
[01m[K/home/davide/Desktop/Pick_And_Delivery/Pick_And_Delivery/workspace/src/move_robot/src/move.cpp:141:28:[m[K [01;31m[Kerror: [m[Kreturn-statement with a value, in function returning 'void' [[01;31m[K-fpermissive[m[K]
                     return [01;31m[KE[m[KXIT_FAILURE;
                            [01;31m[K^[m[K
make[2]: *** [CMakeFiles/move.dir/src/move.cpp.o] Error 1
make[1]: *** [CMakeFiles/move.dir/all] Error 2
make: *** [all] Error 2
